<?xml version="1.0" encoding="UTF-8"?>
<testsuite name="RomanNumeralsSpec" tests="1" failures="0" errors="0" timestamp="2014-03-04T02:22:12" hostname="ubuntu" time="0.045">
  <properties/>
  <testcase name="RomanNumerals can translate arabaic to roman" classname="RomanNumeralsSpec" time="0.045"/>
  <system-out><![CDATA[]]></system-out>
  <system-err><![CDATA[]]></system-err>
</testsuite>
