<?xml version="1.0" encoding="UTF-8"?>
<testsuite name="RomanNumeralsSpec" tests="1" failures="0" errors="0" timestamp="2014-03-04T02:35:10" hostname="ubuntu" time="0.043">
  <properties/>
  <testcase name="RomanNumerals can translate 1 to roman" classname="RomanNumeralsSpec" time="0.043"/>
  <system-out><![CDATA[]]></system-out>
  <system-err><![CDATA[]]></system-err>
</testsuite>
