<?xml version="1.0" encoding="UTF-8"?>
<testsuite name="FizzBuzzSpec" tests="12" failures="0" errors="0" timestamp="2014-02-27T04:19:07" hostname="ubuntu" time="0.102">
  <properties/>
  <testcase name="Calculates FizzBuzz for 1" classname="FizzBuzzSpec" time="0.045"/>
  <testcase name="Calculates FizzBuzz for 2" classname="FizzBuzzSpec" time="0.0"/>
  <testcase name="Calculates FizzBuzz for 3" classname="FizzBuzzSpec" time="0.0"/>
  <testcase name="Calculates FizzBuzz for 5" classname="FizzBuzzSpec" time="0.051"/>
  <testcase name="Calculates FizzBuzz for 6" classname="FizzBuzzSpec" time="0.0"/>
  <testcase name="Calculates FizzBuzz for 10" classname="FizzBuzzSpec" time="0.001"/>
  <testcase name="Calculates FizzBuzz for 11" classname="FizzBuzzSpec" time="0.0"/>
  <testcase name="Calculates FizzBuzz for 15" classname="FizzBuzzSpec" time="0.001"/>
  <testcase name="Calculates FizzBuzz for 21" classname="FizzBuzzSpec" time="0.0"/>
  <testcase name="Calculates FizzBuzz for 30" classname="FizzBuzzSpec" time="0.0"/>
  <testcase name="Calculates FizzBuzz for 99" classname="FizzBuzzSpec" time="0.0"/>
  <testcase name="Calculates FizzBuzz for 100" classname="FizzBuzzSpec" time="0.0"/>
  <system-out><![CDATA[]]></system-out>
  <system-err><![CDATA[]]></system-err>
</testsuite>
